<?xml version="1.0" encoding="UTF-8"?>
<testng-results ignored="0" total="1" passed="1" failed="0" skipped="0">
  <reporter-output>
  </reporter-output>
  <suite started-at="2020-07-16T10:13:52 IST" name="Surefire suite" finished-at="2020-07-16T10:13:52 IST" duration-ms="31">
    <groups>
    </groups>
    <test started-at="2020-07-16T10:13:52 IST" name="Surefire test" finished-at="2020-07-16T10:13:52 IST" duration-ms="31">
      <class name="Academy.FrameworkE2EFlow.AppTest">
        <test-method signature="shouldAnswerWithTrue()[pri:0, instance:Academy.FrameworkE2EFlow.AppTest@587c290d]" started-at="2020-07-16T10:13:52 IST" name="shouldAnswerWithTrue" finished-at="2020-07-16T10:13:52 IST" duration-ms="6" status="PASS">
          <reporter-output>
          </reporter-output>
        </test-method> <!-- shouldAnswerWithTrue -->
      </class> <!-- Academy.FrameworkE2EFlow.AppTest -->
    </test> <!-- Surefire test -->
  </suite> <!-- Surefire suite -->
</testng-results>
